<?xml version="1.0" encoding="UTF-8"?>
<!-- Generated by org.testng.reporters.JUnitXMLReporter -->
<testsuite hostname="DESKTOP-IKR2EK5" ignored="3" name="Test" tests="48" failures="1" timestamp="11 Sep 2020 22:48:53 GMT" time="11.724" errors="0">
  <testcase name="Yahoo" time="0.007" classname="Package_01_First_TestNG.Practic_01"/>
  <testcase name="email" time="0.001" classname="Package_01_First_TestNG.Practic_01"/>
  <testcase name="email" time="0.002" classname="Package_01_First_TestNG.Practic_01"/>
  <testcase name="email" time="0.001" classname="Package_01_First_TestNG.Practic_01"/>
  <testcase name="email" time="0.001" classname="Package_01_First_TestNG.Practic_01"/>
  <testcase name="email" time="0.002" classname="Package_01_First_TestNG.Practic_01"/>
  <testcase name="email" time="0.001" classname="Package_01_First_TestNG.Practic_01"/>
  <testcase name="email" time="0.002" classname="Package_01_First_TestNG.Practic_01"/>
  <testcase name="email" time="0.001" classname="Package_01_First_TestNG.Practic_01"/>
  <testcase name="email" time="0.0" classname="Package_01_First_TestNG.Practic_01"/>
  <testcase name="email" time="0.002" classname="Package_01_First_TestNG.Practic_01"/>
  <testcase name="facebook" time="0.002" classname="Package_01_First_TestNG.Practic_01"/>
  <testcase name="gmail" time="0.001" classname="Package_01_First_TestNG.Practic_01"/>
  <testcase name="Yahoo" time="0.002" classname="Package_01_First_TestNG.Program_05_invocationCount"/>
  <testcase name="Yahoo" time="0.001" classname="Package_01_First_TestNG.Program_05_invocationCount"/>
  <testcase name="Yahoo" time="0.001" classname="Package_01_First_TestNG.Program_05_invocationCount"/>
  <testcase name="Yahoo" time="0.001" classname="Package_01_First_TestNG.Program_05_invocationCount"/>
  <testcase name="Yahoo" time="0.001" classname="Package_01_First_TestNG.Program_05_invocationCount"/>
  <testcase name="Yahoo" time="0.003" classname="Package_01_First_TestNG.Program_05_invocationCount"/>
  <testcase name="Yahoo" time="0.002" classname="Package_01_First_TestNG.Program_05_invocationCount"/>
  <testcase name="Yahoo" time="0.001" classname="Package_01_First_TestNG.Program_05_invocationCount"/>
  <testcase name="Yahoo" time="0.002" classname="Package_01_First_TestNG.Program_05_invocationCount"/>
  <testcase name="Yahoo" time="0.0" classname="Package_01_First_TestNG.Program_05_invocationCount"/>
  <testcase name="gmail" time="0.001" classname="Package_01_First_TestNG.Program_05_invocationCount"/>
  <testcase name="google" time="0.001" classname="Package_01_First_TestNG.Program_05_invocationCount"/>
  <testcase name="alam" time="0.001" classname="Package_01_First_TestNG.Program_06a_groups_Test"/>
  <testcase name="alam1" time="0.007" classname="Package_01_First_TestNG.Program_06a_groups_Test"/>
  <testcase name="alam2" time="0.001" classname="Package_01_First_TestNG.Program_06a_groups_Test"/>
  <testcase name="dada" time="0.002" classname="Package_01_First_TestNG.Program_06a_groups_Test"/>
  <testcase name="rajib" time="0.001" classname="Package_01_First_TestNG.Program_06a_groups_Test"/>
  <testcase name="Yahoo" time="0.001" classname="Package_01_First_TestNG.Program_06_groups_somke_suit_test"/>
  <testcase name="f" time="0.155" classname="Package_01_First_TestNG.Practic"/>
  <testcase name="loginFB" time="0.002" classname="Package_01_First_TestNG.Program_01_First_TestNG_program"/>
  <testcase name="facebook_Login" time="0.04" classname="Package_01_First_TestNG.Practic_03">
    <failure type="org.openqa.selenium.NoSuchWindowException" message="no such window: target window already closed
from unknown error: web view not found
  (Session info: chrome=85.0.4183.102)
Build info: version: &amp;apos;3.141.59&amp;apos;, revision: &amp;apos;e82be7d358&amp;apos;, time: &amp;apos;2018-11-14T08:25:48&amp;apos;
System info: host: &amp;apos;DESKTOP-IKR2EK5&amp;apos;, ip: &amp;apos;10.0.0.16&amp;apos;, os.name: &amp;apos;Windows 10&amp;apos;, os.arch: &amp;apos;amd64&amp;apos;, os.version: &amp;apos;10.0&amp;apos;, java.version: &amp;apos;1.8.0_201&amp;apos;
Driver info: org.openqa.selenium.chrome.ChromeDriver
Capabilities {acceptInsecureCerts: false, browserName: chrome, browserVersion: 85.0.4183.102, chrome: {chromedriverVersion: 85.0.4183.87 (cd6713ebf92fa..., userDataDir: C:\Users\Tawhi\AppData\Loca...}, goog:chromeOptions: {debuggerAddress: localhost:51454}, javascriptEnabled: true, networkConnectionEnabled: false, pageLoadStrategy: normal, platform: WINDOWS, platformName: WINDOWS, proxy: Proxy(), setWindowRect: true, strictFileInteractability: false, timeouts: {implicit: 0, pageLoad: 300000, script: 30000}, unhandledPromptBehavior: dismiss and notify, webauthn:virtualAuthenticators: true}
Session ID: cdda6818caf2e6d20204e55486c9a33c
*** Element info: {Using=id, value=email}">
      <![CDATA[org.openqa.selenium.NoSuchWindowException: no such window: target window already closed
from unknown error: web view not found
  (Session info: chrome=85.0.4183.102)
Build info: version: '3.141.59', revision: 'e82be7d358', time: '2018-11-14T08:25:48'
System info: host: 'DESKTOP-IKR2EK5', ip: '10.0.0.16', os.name: 'Windows 10', os.arch: 'amd64', os.version: '10.0', java.version: '1.8.0_201'
Driver info: org.openqa.selenium.chrome.ChromeDriver
Capabilities {acceptInsecureCerts: false, browserName: chrome, browserVersion: 85.0.4183.102, chrome: {chromedriverVersion: 85.0.4183.87 (cd6713ebf92fa..., userDataDir: C:\Users\Tawhi\AppData\Loca...}, goog:chromeOptions: {debuggerAddress: localhost:51454}, javascriptEnabled: true, networkConnectionEnabled: false, pageLoadStrategy: normal, platform: WINDOWS, platformName: WINDOWS, proxy: Proxy(), setWindowRect: true, strictFileInteractability: false, timeouts: {implicit: 0, pageLoad: 300000, script: 30000}, unhandledPromptBehavior: dismiss and notify, webauthn:virtualAuthenticators: true}
Session ID: cdda6818caf2e6d20204e55486c9a33c
*** Element info: {Using=id, value=email}
at org.openqa.selenium.remote.http.W3CHttpResponseCodec.createException(W3CHttpResponseCodec.java:187)
at org.openqa.selenium.remote.http.W3CHttpResponseCodec.decode(W3CHttpResponseCodec.java:122)
at org.openqa.selenium.remote.http.W3CHttpResponseCodec.decode(W3CHttpResponseCodec.java:49)
at org.openqa.selenium.remote.HttpCommandExecutor.execute(HttpCommandExecutor.java:158)
at org.openqa.selenium.remote.service.DriverCommandExecutor.execute(DriverCommandExecutor.java:83)
at org.openqa.selenium.remote.RemoteWebDriver.execute(RemoteWebDriver.java:552)
at org.openqa.selenium.remote.RemoteWebDriver.findElement(RemoteWebDriver.java:323)
at org.openqa.selenium.remote.RemoteWebDriver.findElementById(RemoteWebDriver.java:372)
at org.openqa.selenium.By$ById.findElement(By.java:188)
at org.openqa.selenium.remote.RemoteWebDriver.findElement(RemoteWebDriver.java:315)
at Package_01_First_TestNG.Practic_03.facebook_Login(Practic_03.java:24)
... Removed 29 stack frames]]>
    </failure>
  </testcase> <!-- facebook_Login -->
  <testcase name="Yahoo" time="0.0" classname="Package_01_First_TestNG.Program_03_Before_class_annotation"/>
  <testcase name="gmail" time="0.0" classname="Package_01_First_TestNG.Program_03_Before_class_annotation"/>
  <testcase name="google" time="0.001" classname="Package_01_First_TestNG.Program_03_Before_class_annotation"/>
  <testcase name="Yahoo" time="0.006" classname="Package_01_First_TestNG.Program_07_TimeOut"/>
  <testcase name="gmail" time="0.002" classname="Package_01_First_TestNG.Program_07_TimeOut"/>
  <testcase name="google" time="0.004" classname="Package_01_First_TestNG.Program_07_TimeOut"/>
  <testcase name="dada" time="0.001" classname="Package_01_First_TestNG.Program_08_Create_Manul_method"/>
  <testcase name="rajib" time="0.001" classname="Package_01_First_TestNG.Program_08_Create_Manul_method"/>
  <testcase name="tawidAlam" time="0.0" classname="Package_01_First_TestNG.Program_08_Create_Manul_method"/>
  <testcase name="Yahoo" time="0.001" classname="Package_01_First_TestNG.Program_04_enabled_false_and_true"/>
  <testcase name="google" time="0.001" classname="Package_01_First_TestNG.Program_04_enabled_false_and_true"/>
  <testcase name="email1" time="0.001" classname="Package_01_First_TestNG.Program_02_before_method_annotation"/>
  <testcase name="email2" time="0.001" classname="Package_01_First_TestNG.Program_02_before_method_annotation"/>
  <testcase name="method1" time="0.001" classname="Package_01_First_TestNG.Program_02_before_method_annotation"/>
  <testcase name="gmail" time="0.0" classname="Package_01_First_TestNG.Program_04_enabled_false_and_true">
    <ignored/>
  </testcase> <!-- gmail -->
  <testcase name="google" time="0.0" classname="Package_01_First_TestNG.Program_06_groups_somke_suit_test">
    <ignored/>
  </testcase> <!-- google -->
  <testcase name="gmail" time="0.0" classname="Package_01_First_TestNG.Program_06_groups_somke_suit_test">
    <ignored/>
  </testcase> <!-- gmail -->
</testsuite> <!-- Test -->
